           1 FIT  rho Y BLUP CHIP SEQ QTL:   0.00000000      0.698611379      0.706286430      0.714275181      0.935839951    
           1 XVAL rho Y BLUP CHIP SEQ QTL:        NA        0.556446016      0.652008057      0.642123520      0.943829000    
           2 FIT  rho Y BLUP CHIP SEQ QTL:   0.00000000      0.447008491      0.466928810      0.463539302      0.816292226    
           2 XVAL rho Y BLUP CHIP SEQ QTL:        NA        0.661550939      0.634955943      0.624076009      0.864115477    
           3 FIT  rho Y BLUP CHIP SEQ QTL:   0.00000000      0.568551600      0.582564116      0.582740366      0.959268153    
           3 XVAL rho Y BLUP CHIP SEQ QTL:        NA        0.178237975      0.211336151      0.185930312      0.941217959    
           4 FIT  rho Y BLUP CHIP SEQ QTL:   0.00000000      0.406011820      0.428418130      0.437335253      0.937758088    
           4 XVAL rho Y BLUP CHIP SEQ QTL:        NA        0.271613687      0.270865619      0.297496468      0.827476561    
           5 FIT  rho Y BLUP CHIP SEQ QTL:   0.00000000      0.563862145      0.599500477      0.602647543      0.978441596    
           5 XVAL rho Y BLUP CHIP SEQ QTL:        NA        0.394669175      0.395321369      0.382652164      0.973730564    
           6 FIT  rho Y BLUP CHIP SEQ QTL:   0.00000000      0.469664872      0.476944417      0.478805870      0.896207094    
           6 XVAL rho Y BLUP CHIP SEQ QTL:        NA        0.106134720       9.04947221E-02  0.111524187      0.442129225    
           7 FIT  rho Y BLUP CHIP SEQ QTL:   0.00000000      0.370912015      0.375307232      0.380811334      0.840965450    
           7 XVAL rho Y BLUP CHIP SEQ QTL:        NA        0.182463899      0.162742138      0.159785360      0.840966523    
           8 FIT  rho Y BLUP CHIP SEQ QTL:   0.00000000      0.547148108      0.560780942      0.560981154      0.921085238    
           8 XVAL rho Y BLUP CHIP SEQ QTL:        NA        0.626837969      0.629361629      0.614549696      0.934291124    
           9 FIT  rho Y BLUP CHIP SEQ QTL:   0.00000000      0.240762949      0.250965953      0.257474959      0.745067358    
           9 XVAL rho Y BLUP CHIP SEQ QTL:        NA        0.115042359       9.97072086E-02  0.115333967      0.668946505    
          10 FIT  rho Y BLUP CHIP SEQ QTL:   0.00000000      0.529034734      0.523803234      0.529803932      0.798306346    
          10 XVAL rho Y BLUP CHIP SEQ QTL:        NA         4.24021110E-02   7.51653463E-02   6.23988248E-02  0.776993394    
          11 FIT  rho Y BLUP CHIP SEQ QTL:   0.00000000      0.537802875      0.558816552      0.558935821      0.923334360    
          11 XVAL rho Y BLUP CHIP SEQ QTL:        NA        0.633841574      0.658304214      0.647771537      0.859297454    
          12 FIT  rho Y BLUP CHIP SEQ QTL:   0.00000000      0.412526786      0.416856766      0.426439375      0.914437532    
          12 XVAL rho Y BLUP CHIP SEQ QTL:        NA        0.340886414      0.270666510      0.278090090      0.867180824    
          13 FIT  rho Y BLUP CHIP SEQ QTL:   0.00000000      0.292336732      0.278610647      0.281172335      0.883147180    
          13 XVAL rho Y BLUP CHIP SEQ QTL:        NA         9.77506191E-02   5.28169535E-02   4.63881344E-02  0.618038356    
          14 FIT  rho Y BLUP CHIP SEQ QTL:   0.00000000      0.644545257      0.669493020      0.673370659      0.942491233    
          14 XVAL rho Y BLUP CHIP SEQ QTL:        NA        0.556628942      0.609822214      0.600095928      0.926929772    
          15 FIT  rho Y BLUP CHIP SEQ QTL:   0.00000000      0.519875944      0.539714754      0.546961427      0.887084246    
          15 XVAL rho Y BLUP CHIP SEQ QTL:        NA        0.517572999      0.495640248      0.515000343      0.855098367    
          16 FIT  rho Y BLUP CHIP SEQ QTL:   0.00000000      0.441647053      0.449024230      0.452493876      0.943693161    
          16 XVAL rho Y BLUP CHIP SEQ QTL:        NA        0.336022079      0.322274804      0.326223969      0.940627933    
          17 FIT  rho Y BLUP CHIP SEQ QTL:   0.00000000      0.460973173      0.482580811      0.496779472      0.866878271    
          17 XVAL rho Y BLUP CHIP SEQ QTL:        NA        0.644662023      0.621463299      0.654846966      0.842083454    
          18 FIT  rho Y BLUP CHIP SEQ QTL:   0.00000000      0.517113864      0.560784578      0.563403249      0.919440210    
          18 XVAL rho Y BLUP CHIP SEQ QTL:        NA        0.631047249      0.720193744      0.712043285      0.908423841    
          19 FIT  rho Y BLUP CHIP SEQ QTL:   0.00000000      0.497586071      0.538008213      0.525691807      0.896619439    
          19 XVAL rho Y BLUP CHIP SEQ QTL:        NA        0.446289569      0.512196422      0.494557649      0.947073638    
          20 FIT  rho Y BLUP CHIP SEQ QTL:   0.00000000      0.614071727      0.628973126      0.639622092      0.896438420    
          20 XVAL rho Y BLUP CHIP SEQ QTL:        NA        0.380897611      0.389737397      0.380873948      0.954859912    
          21 FIT  rho Y BLUP CHIP SEQ QTL:   0.00000000      0.475785404      0.452870756      0.458649188      0.877068222    
          21 XVAL rho Y BLUP CHIP SEQ QTL:        NA        0.502348661      0.467900425      0.461706072      0.842488825    
          22 FIT  rho Y BLUP CHIP SEQ QTL:   0.00000000      0.492327332      0.480023175      0.479001015      0.900999248    
          22 XVAL rho Y BLUP CHIP SEQ QTL:        NA        0.377756029      0.412315875      0.385235339      0.889783740    
          23 FIT  rho Y BLUP CHIP SEQ QTL:   0.00000000      0.531813502      0.566060543      0.565747499      0.913291037    
          23 XVAL rho Y BLUP CHIP SEQ QTL:        NA        0.663990259      0.669850945      0.680537701      0.919891596    
          24 FIT  rho Y BLUP CHIP SEQ QTL:   0.00000000      0.457850754      0.493752986      0.496219873      0.939435005    
          24 XVAL rho Y BLUP CHIP SEQ QTL:        NA        0.140686676      0.101383001      0.137001678      0.922015667    
          25 FIT  rho Y BLUP CHIP SEQ QTL:   0.00000000      0.463595271      0.470661521      0.469771832      0.902994037    
          25 XVAL rho Y BLUP CHIP SEQ QTL:        NA        0.271694601      0.335772693      0.326205045      0.829167724    
          26 FIT  rho Y BLUP CHIP SEQ QTL:   0.00000000      0.692158222      0.702290595      0.705368519      0.967154205    
          26 XVAL rho Y BLUP CHIP SEQ QTL:        NA        0.591958404      0.517107427      0.555489659      0.956235170    
          27 FIT  rho Y BLUP CHIP SEQ QTL:   0.00000000      0.634605289      0.631499827      0.637226105      0.944955170    
          27 XVAL rho Y BLUP CHIP SEQ QTL:        NA        0.194762826      0.246826708      0.269181699      0.938125610    
          28 FIT  rho Y BLUP CHIP SEQ QTL:   0.00000000      0.633354187      0.633070052      0.634853065      0.948916495    
          28 XVAL rho Y BLUP CHIP SEQ QTL:        NA        0.660405695      0.680150628      0.681455135      0.974894702    
          29 FIT  rho Y BLUP CHIP SEQ QTL:   0.00000000      0.543751061      0.539406359      0.543120682      0.957124770    
          29 XVAL rho Y BLUP CHIP SEQ QTL:        NA        0.484757990      0.521638811      0.519571006      0.951838732    
          30 FIT  rho Y BLUP CHIP SEQ QTL:   0.00000000      0.279913187      0.310953289      0.306475431      0.868601978    
          30 XVAL rho Y BLUP CHIP SEQ QTL:        NA        0.245736390      0.443009257      0.413955361      0.978079975    
          31 FIT  rho Y BLUP CHIP SEQ QTL:   0.00000000      0.413482666      0.451807022      0.452299535      0.935236156    
          31 XVAL rho Y BLUP CHIP SEQ QTL:        NA        0.151795328      0.159042180      0.206215829      0.921379983    
          32 FIT  rho Y BLUP CHIP SEQ QTL:   0.00000000      0.626086771      0.658461630      0.662421107      0.959267616    
          32 XVAL rho Y BLUP CHIP SEQ QTL:        NA        0.725826442      0.761641204      0.749588192      0.965084434    
          33 FIT  rho Y BLUP CHIP SEQ QTL:   0.00000000      0.301384717      0.313176900      0.311799794      0.801780045    
          33 XVAL rho Y BLUP CHIP SEQ QTL:        NA        0.242930949      0.330692589      0.317939967      0.880154431    
          34 FIT  rho Y BLUP CHIP SEQ QTL:   0.00000000      0.447193921      0.459123820      0.463631958      0.829229414    
          34 XVAL rho Y BLUP CHIP SEQ QTL:        NA       -0.137938038       3.23175080E-02   5.70383016E-03  0.789819419    
          35 FIT  rho Y BLUP CHIP SEQ QTL:   0.00000000      0.646043420      0.670737863      0.670635223      0.877198160    
          35 XVAL rho Y BLUP CHIP SEQ QTL:        NA        0.512589812      0.573417306      0.566130459      0.944641292    
          36 FIT  rho Y BLUP CHIP SEQ QTL:   0.00000000      0.569483876      0.603621125      0.599632382      0.935072482    
          36 XVAL rho Y BLUP CHIP SEQ QTL:        NA        0.601083457      0.568255961      0.575651109      0.950153112    
          37 FIT  rho Y BLUP CHIP SEQ QTL:   0.00000000      0.577077687      0.600603282      0.605668545      0.940823972    
          37 XVAL rho Y BLUP CHIP SEQ QTL:        NA        0.377298594      0.457577139      0.463133454      0.915131271    
          38 FIT  rho Y BLUP CHIP SEQ QTL:   0.00000000      0.401540846      0.404158771      0.410676003      0.884378791    
          38 XVAL rho Y BLUP CHIP SEQ QTL:        NA        0.131675735       4.90362272E-02   7.61946663E-02  0.890924037    
          39 FIT  rho Y BLUP CHIP SEQ QTL:   0.00000000      0.600986898      0.615797043      0.617800534      0.953334332    
          39 XVAL rho Y BLUP CHIP SEQ QTL:        NA        0.231956407      0.215506911      0.207011923      0.953614295    
          40 FIT  rho Y BLUP CHIP SEQ QTL:   0.00000000      0.492898256      0.515855551      0.522960544      0.929120958    
          40 XVAL rho Y BLUP CHIP SEQ QTL:        NA        0.529828608      0.568370402      0.583233058      0.894578695    
          41 FIT  rho Y BLUP CHIP SEQ QTL:   0.00000000      0.619632661      0.674079597      0.673924804      0.930447698    
          41 XVAL rho Y BLUP CHIP SEQ QTL:        NA        0.400142938      0.537268519      0.515819371      0.898570240    
          42 FIT  rho Y BLUP CHIP SEQ QTL:   0.00000000      0.546116829      0.600898147      0.603907466      0.957308471    
          42 XVAL rho Y BLUP CHIP SEQ QTL:        NA        0.528456807      0.471674502      0.489968926      0.908904612    
          43 FIT  rho Y BLUP CHIP SEQ QTL:   0.00000000      0.638051271      0.646772385      0.650435865      0.936080992    
          43 XVAL rho Y BLUP CHIP SEQ QTL:        NA        0.799849331      0.797746360      0.786732852      0.871807754    
          44 FIT  rho Y BLUP CHIP SEQ QTL:   0.00000000      0.515037239      0.536340237      0.546114028      0.913747728    
          44 XVAL rho Y BLUP CHIP SEQ QTL:        NA        0.464570493      0.497542948      0.519779444      0.915651917    
          45 FIT  rho Y BLUP CHIP SEQ QTL:   0.00000000      0.671405911      0.689301491      0.691719532      0.968896568    
          45 XVAL rho Y BLUP CHIP SEQ QTL:        NA        0.777470052      0.743964732      0.744320810      0.976970434    
          46 FIT  rho Y BLUP CHIP SEQ QTL:   0.00000000      0.640675426      0.625227630      0.630437195      0.944888949    
          46 XVAL rho Y BLUP CHIP SEQ QTL:        NA        0.816584110      0.713003814      0.722412825      0.970876992    
          47 FIT  rho Y BLUP CHIP SEQ QTL:   0.00000000      0.522288501      0.536116362      0.539179027      0.972291052    
          47 XVAL rho Y BLUP CHIP SEQ QTL:        NA        0.536762834      0.588731885      0.573219299      0.955658197    
          48 FIT  rho Y BLUP CHIP SEQ QTL:   0.00000000      0.542434812      0.541492105      0.541793823      0.919154525    
          48 XVAL rho Y BLUP CHIP SEQ QTL:        NA        0.480354279      0.532658219      0.514308870      0.917642176    
          49 FIT  rho Y BLUP CHIP SEQ QTL:   0.00000000      0.714297175      0.700070977      0.702133775      0.968149304    
          49 XVAL rho Y BLUP CHIP SEQ QTL:        NA        0.773794949      0.708329856      0.718618631      0.971529901    
          50 FIT  rho Y BLUP CHIP SEQ QTL:   0.00000000      0.657692850      0.697576344      0.695559204      0.972280204    
          50 XVAL rho Y BLUP CHIP SEQ QTL:        NA        0.593641639      0.590721667      0.609387577      0.902244151    
